c:\users\raids\onedrive\desktop\development_repo\graph_theory\x64\debug\vc143.pdb
c:\users\raids\onedrive\desktop\development_repo\graph_theory\x64\debug\vc143.idb
c:\users\raids\onedrive\desktop\development_repo\graph_theory\x64\debug\representation_adjacency_list.obj
c:\users\raids\onedrive\desktop\development_repo\graph_theory\x64\debug\representation_minimal_trio_degree.obj
c:\users\raids\onedrive\desktop\development_repo\graph_theory\x64\debug\bfs_messege_route.obj
c:\users\raids\onedrive\desktop\development_repo\graph_theory\x64\debug\representation_maximal_network_rank.obj
c:\users\raids\onedrive\desktop\development_repo\graph_theory\x64\debug\representatio_find_center_of_star_graph.obj
c:\users\raids\onedrive\desktop\development_repo\graph_theory\x64\debug\dfs_reconstruct_itenrary.obj
c:\users\raids\onedrive\desktop\development_repo\graph_theory\x64\debug\dfs_largest_island.obj
c:\users\raids\onedrive\desktop\development_repo\graph_theory\x64\debug\dfs_keys_and_rooms.obj
c:\users\raids\onedrive\desktop\development_repo\graph_theory\x64\debug\dfs_astronauts_pairs.obj
c:\users\raids\onedrive\desktop\development_repo\graph_theory\x64\debug\detect_cycle_shortest_cycle_undirected.obj
c:\users\raids\onedrive\desktop\development_repo\graph_theory\x64\debug\detect_cycle_is graph bipartite.obj
c:\users\raids\onedrive\desktop\development_repo\graph_theory\x64\debug\detect_cycle_in_undirected_graph.obj
c:\users\raids\onedrive\desktop\development_repo\graph_theory\x64\debug\detect_cycle_in_grid.obj
c:\users\raids\onedrive\desktop\development_repo\graph_theory\x64\debug\detect_cycle_in_directed_graph.obj
c:\users\raids\onedrive\desktop\development_repo\graph_theory\x64\debug\detect_cycle_directed_course schedule.obj
c:\users\raids\onedrive\desktop\development_repo\graph_theory\x64\debug\detect_an_odd_cycle_length.obj
c:\users\raids\onedrive\desktop\development_repo\graph_theory\x64\debug\dag_largest_color.obj
c:\users\raids\onedrive\desktop\development_repo\graph_theory\x64\debug\dag_game_routes.obj
c:\users\raids\onedrive\desktop\development_repo\graph_theory\x64\debug\dag_course_schedule_2.obj
c:\users\raids\onedrive\desktop\development_repo\graph_theory\x64\debug\dag_all_paths_from_source_to_target.obj
c:\users\raids\onedrive\desktop\development_repo\graph_theory\x64\debug\bfs_word_ladder.obj
c:\users\raids\onedrive\desktop\development_repo\graph_theory\x64\debug\bfs_valid_bfs.obj
c:\users\raids\onedrive\desktop\development_repo\graph_theory\x64\debug\bfs_snakes_and_ladders.obj
c:\users\raids\onedrive\desktop\development_repo\graph_theory\x64\debug\representation_adjacency_list_class.obj
c:\users\raids\onedrive\desktop\development_repo\graph_theory\x64\debug\graph_theory_learn.ilk
c:\users\raids\onedrive\desktop\development_repo\graph_theory\x64\debug\graph_theory_learn.exe
c:\users\raids\onedrive\desktop\development_repo\graph_theory\x64\debug\graph_theory_learn.pdb
c:\users\raids\onedrive\desktop\development_repo\graph_theory\x64\debug\graph_th.f883a366.tlog\cl.command.1.tlog
c:\users\raids\onedrive\desktop\development_repo\graph_theory\x64\debug\graph_th.f883a366.tlog\cl.read.1.tlog
c:\users\raids\onedrive\desktop\development_repo\graph_theory\x64\debug\graph_th.f883a366.tlog\cl.write.1.tlog
c:\users\raids\onedrive\desktop\development_repo\graph_theory\x64\debug\graph_th.f883a366.tlog\link.command.1.tlog
c:\users\raids\onedrive\desktop\development_repo\graph_theory\x64\debug\graph_th.f883a366.tlog\link.read.1.tlog
c:\users\raids\onedrive\desktop\development_repo\graph_theory\x64\debug\graph_th.f883a366.tlog\link.write.1.tlog
